<?xml version="1.0" encoding="UTF-8"?>
<!-- Generated by org.testng.reporters.JUnitReportReporter -->
<testsuite hostname="SHIWASIN-T5X72" name="csx_offer.Create_Offer_byGuest" tests="1" failures="0" timestamp="24 Oct 2018 10:09:37 GMT" time="39.705" errors="0">
  <testcase name="verify_addoffer_isDisable" time="39.705" classname="csx_offer.Create_Offer_byGuest"/>
</testsuite> <!-- csx_offer.Create_Offer_byGuest -->
